15:34:23.694 [main] DEBUG org.testng.TestNG - suiteXmlPath: "F:\Selenium\Frameworks\opencart\browser.xml"
15:34:24.198 [main] INFO  org.testng.internal.Utils - [TestNG] Running:
  F:\Selenium\Frameworks\opencart\browser.xml

15:34:31.839 [main] INFO  Testclass.TC_001_AccountRegistrationTest - **********Starting TC_001_AccountRegistrationTest********************
15:34:31.839 [main] DEBUG Testclass.TC_001_AccountRegistrationTest - application logs started......
15:34:32.124 [main] INFO  Testclass.TC_001_AccountRegistrationTest - clicked MyAccount link
15:34:33.241 [main] INFO  Testclass.TC_001_AccountRegistrationTest - clicked Registration link
15:34:33.241 [main] INFO  Testclass.TC_001_AccountRegistrationTest - Entering customer details.. 
15:34:37.210 [main] DEBUG Testclass.TC_001_AccountRegistrationTest - application logs end.......
15:34:37.210 [main] INFO  Testclass.TC_001_AccountRegistrationTest - **** finished TC_001_AccountRegistrationTest  *****
16:05:46.233 [main] DEBUG org.testng.TestNG - suiteXmlPath: "C:\Users\Prem\AppData\Local\Temp\testng-eclipse-86491752\testng-customsuite.xml"
16:05:46.764 [main] INFO  org.testng.internal.Utils - [Utils] MethodGroupsHelper.collectMethodsByGroup() took 2 ms.
16:05:46.768 [main] INFO  org.testng.internal.Utils - [Utils] MethodGroupsHelper.sortMethods() took 2 ms.
16:05:46.771 [main] INFO  org.testng.internal.Utils - [Utils] MethodGroupsHelper.collectMethodsByGroup() took 0 ms.
16:05:46.771 [main] INFO  org.testng.internal.Utils - [Utils] MethodGroupsHelper.sortMethods() took 0 ms.
16:05:46.773 [main] INFO  org.testng.internal.Utils - [Utils] MethodGroupsHelper.collectMethodsByGroup() took 0 ms.
16:05:46.773 [main] INFO  org.testng.internal.Utils - [Utils] MethodGroupsHelper.sortMethods() took 0 ms.
16:05:46.774 [main] INFO  org.testng.internal.Utils - [Utils] MethodGroupsHelper.collectMethodsByGroup() took 0 ms.
16:05:46.775 [main] INFO  org.testng.internal.Utils - [Utils] MethodGroupsHelper.sortMethods() took 0 ms.
16:05:46.785 [main] INFO  org.testng.internal.Utils - [Utils] MethodGroupsHelper.collectMethodsByGroup() took 6 ms.
16:05:46.814 [main] INFO  org.testng.internal.Utils - [Utils] MethodGroupsHelper.sortMethods() took 28 ms.
16:05:46.818 [main] INFO  org.testng.internal.Utils - [Utils] MethodGroupsHelper.collectMethodsByGroup() took 0 ms.
16:05:46.819 [main] INFO  org.testng.internal.Utils - [Utils] MethodGroupsHelper.sortMethods() took 1 ms.
16:05:46.821 [main] INFO  org.testng.internal.Utils - [Utils] MethodGroupsHelper.collectMethodsByGroup() took 0 ms.
16:05:46.821 [main] INFO  org.testng.internal.Utils - [Utils] MethodGroupsHelper.sortMethods() took 0 ms.
16:05:46.822 [main] INFO  org.testng.internal.Utils - [Utils] MethodGroupsHelper.collectMethodsByGroup() took 0 ms.
16:05:46.822 [main] INFO  org.testng.internal.Utils - [Utils] MethodGroupsHelper.sortMethods() took 0 ms.
16:05:46.825 [main] INFO  org.testng.internal.Utils - [Utils] MethodGroupsHelper.collectMethodsByGroup() took 0 ms.
16:05:46.825 [main] INFO  org.testng.internal.Utils - [Utils] MethodGroupsHelper.sortMethods() took 0 ms.
16:05:46.826 [main] INFO  org.testng.internal.Utils - [Utils] MethodGroupsHelper.collectMethodsByGroup() took 0 ms.
16:05:46.826 [main] INFO  org.testng.internal.Utils - [Utils] MethodGroupsHelper.sortMethods() took 0 ms.
16:05:46.833 [main] INFO  org.testng.internal.Utils - [Utils] MethodGroupsHelper.collectMethodsByGroup() took 0 ms.
16:05:46.834 [main] INFO  org.testng.internal.Utils - [Utils] MethodGroupsHelper.sortMethods() took 0 ms.
16:05:46.834 [main] INFO  org.testng.internal.Utils - [Utils] MethodGroupsHelper.collectMethodsByGroup() took 0 ms.
16:05:46.834 [main] INFO  org.testng.internal.Utils - [Utils] MethodGroupsHelper.sortMethods() took 0 ms.
16:05:46.836 [main] INFO  org.testng.internal.Utils - [Utils] MethodGroupsHelper.collectMethodsByGroup() took 0 ms.
16:05:46.837 [main] INFO  org.testng.internal.Utils - [Utils] MethodGroupsHelper.sortMethods() took 1 ms.
16:05:46.839 [main] INFO  org.testng.internal.Utils - [Utils] MethodGroupsHelper.collectMethodsByGroup() took 0 ms.
16:05:46.839 [main] INFO  org.testng.internal.Utils - [Utils] MethodGroupsHelper.sortMethods() took 0 ms.
16:05:46.839 [main] INFO  org.testng.internal.Utils - [Utils] MethodGroupsHelper.collectMethodsByGroup() took 0 ms.
16:05:46.839 [main] INFO  org.testng.internal.Utils - [Utils] MethodGroupsHelper.sortMethods() took 0 ms.
16:05:46.852 [main] INFO  org.testng.internal.Utils - [TestNG] Running:
  C:\Users\Prem\AppData\Local\Temp\testng-eclipse-86491752\testng-customsuite.xml

16:05:46.884 [main] INFO  org.testng.internal.Utils - [Utils] DynamicGraphHelper.createDynamicGraph() took 7 ms.
16:05:47.202 [main] INFO  org.testng.internal.Utils - [TestNG] Time taken by org.testng.reporters.jq.Main@d4ab71a: 119 ms
16:05:47.231 [main] INFO  org.testng.internal.Utils - [TestNG] Time taken by org.testng.reporters.FailedReporter@1e8823d2: 29 ms
